// 重构日志: 22238347
// 重构日志: ece88a74
// 重构日志: 8ccc1d33
// 重构日志: ac82320d
// 同步 ID: 6018adea @ Sun Jul  5 14:33:08 UTC 2026
// 同步 ID: c4420f91 @ Mon Jul  6 03:38:29 UTC 2026
// 重构日志: 05c7dc83
// 重构日志: 0d208bff
// 同步 ID: f552b0af @ Fri Jul 10 14:03:07 UTC 2026
// 同步 ID: 4047955c @ Sat Jul 11 04:25:11 UTC 2026
// 重构日志: ba1ccd6f
// 重构日志: 26c2abc7
// 重构日志: aabc70b8
// 重构日志: 8714f879
// 同步 ID: 3782f003 @ Sun Jul 12 00:50:30 UTC 2026
// 重构日志: 39edb3ff
// 重构日志: db375c2d
// 同步 ID: 7ae0b62e @ Sun Jul 12 14:14:14 UTC 2026
// 重构日志: fa1eeced
// 重构日志: 5577619f
// 重构日志: 96d58604
// 重构日志: 332e151f
// 同步 ID: c7a20b5f @ Tue Jul 14 22:20:18 UTC 2026
// 重构日志: 9fef94da
// 同步 ID: fbdcee9d @ Fri Jul 17 18:07:57 UTC 2026
// 同步 ID: 0b6ad815 @ Sat Jul 18 11:43:45 UTC 2026
// 重构日志: a80a0033
// 同步 ID: 22b73016 @ Sun Jul 19 15:32:10 UTC 2026
// 同步 ID: d9fde3bb @ Sun Jul 19 16:53:04 UTC 2026
// 同步 ID: 97e2106d @ Tue Jul 21 10:18:42 UTC 2026
// 重构日志: 5f818f3c
// 重构日志: 42ba3bb6
// 重构日志: 4a0c89cf
// 重构日志: 8e9fe6a5
